  AABBColider2D.cpp
C:\Users\chanjun\Documents\INHA_WINAPI_DefenseWall\WinApi_DefenseWall\CObjectManager.h(33,11): error C3646: 'Get_ObjectMap': 알 수 없는 재정의 지정자입니다.
C:\Users\chanjun\Documents\INHA_WINAPI_DefenseWall\WinApi_DefenseWall\CObjectManager.h(33,24): error C2059: 구문 오류: '('
C:\Users\chanjun\Documents\INHA_WINAPI_DefenseWall\WinApi_DefenseWall\CObjectManager.h(33,33): error C2334: '{' 앞에 예기치 않은 토큰이 있습니다. 명백한 함수 본문을 건너뜁니다.
C:\Users\chanjun\Documents\INHA_WINAPI_DefenseWall\WinApi_DefenseWall\CObjectManager.h(37,11): error C3646: 'm_ObjMap': 알 수 없는 재정의 지정자입니다.
C:\Users\chanjun\Documents\INHA_WINAPI_DefenseWall\WinApi_DefenseWall\CObjectManager.h(37,19): error C4430: 형식 지정자가 없습니다. int로 가정합니다. 참고: C++에서는 기본 int를 지원하지 않습니다.
C:\Users\chanjun\Documents\INHA_WINAPI_DefenseWall\WinApi_DefenseWall\Transform.h(6,1): error C2504: 'Component': 기본 클래스를 정의하지 않았습니다.
C:\Users\chanjun\Documents\INHA_WINAPI_DefenseWall\WinApi_DefenseWall\CObject.h(11,13): error C2143: 구문 오류: ';'이(가) '<' 앞에 없습니다.
C:\Users\chanjun\Documents\INHA_WINAPI_DefenseWall\WinApi_DefenseWall\CObject.h(11,13): error C4430: 형식 지정자가 없습니다. int로 가정합니다. 참고: C++에서는 기본 int를 지원하지 않습니다.
C:\Users\chanjun\Documents\INHA_WINAPI_DefenseWall\WinApi_DefenseWall\CObject.h(11,66): error C2238: ';' 앞에 예기치 않은 토큰이 있습니다.
C:\Users\chanjun\Documents\INHA_WINAPI_DefenseWall\WinApi_DefenseWall\CObject.h(27,16): error C3646: 'Get_ComponentMap': 알 수 없는 재정의 지정자입니다.
C:\Users\chanjun\Documents\INHA_WINAPI_DefenseWall\WinApi_DefenseWall\CObject.h(27,32): error C2059: 구문 오류: '('
C:\Users\chanjun\Documents\INHA_WINAPI_DefenseWall\WinApi_DefenseWall\CObject.h(27,41): error C2334: '{' 앞에 예기치 않은 토큰이 있습니다. 명백한 함수 본문을 건너뜁니다.
C:\Users\chanjun\Documents\INHA_WINAPI_DefenseWall\WinApi_DefenseWall\CObject.h(31,16): error C3646: 'm_CpnMap': 알 수 없는 재정의 지정자입니다.
C:\Users\chanjun\Documents\INHA_WINAPI_DefenseWall\WinApi_DefenseWall\CObject.h(31,24): error C4430: 형식 지정자가 없습니다. int로 가정합니다. 참고: C++에서는 기본 int를 지원하지 않습니다.
C:\Users\chanjun\Documents\INHA_WINAPI_DefenseWall\WinApi_DefenseWall\CObject.h(28,41): error C2065: 'm_CpnMap': 선언되지 않은 식별자입니다.
  BoxCollider2D.cpp
C:\Users\chanjun\Documents\INHA_WINAPI_DefenseWall\WinApi_DefenseWall\CObjectManager.h(33,11): error C3646: 'Get_ObjectMap': 알 수 없는 재정의 지정자입니다.
C:\Users\chanjun\Documents\INHA_WINAPI_DefenseWall\WinApi_DefenseWall\CObjectManager.h(33,24): error C2059: 구문 오류: '('
C:\Users\chanjun\Documents\INHA_WINAPI_DefenseWall\WinApi_DefenseWall\CObjectManager.h(33,33): error C2334: '{' 앞에 예기치 않은 토큰이 있습니다. 명백한 함수 본문을 건너뜁니다.
C:\Users\chanjun\Documents\INHA_WINAPI_DefenseWall\WinApi_DefenseWall\CObjectManager.h(37,11): error C3646: 'm_ObjMap': 알 수 없는 재정의 지정자입니다.
C:\Users\chanjun\Documents\INHA_WINAPI_DefenseWall\WinApi_DefenseWall\CObjectManager.h(37,19): error C4430: 형식 지정자가 없습니다. int로 가정합니다. 참고: C++에서는 기본 int를 지원하지 않습니다.
C:\Users\chanjun\Documents\INHA_WINAPI_DefenseWall\WinApi_DefenseWall\CObject.h(11,13): error C2143: 구문 오류: ';'이(가) '<' 앞에 없습니다.
C:\Users\chanjun\Documents\INHA_WINAPI_DefenseWall\WinApi_DefenseWall\CObject.h(11,13): error C4430: 형식 지정자가 없습니다. int로 가정합니다. 참고: C++에서는 기본 int를 지원하지 않습니다.
C:\Users\chanjun\Documents\INHA_WINAPI_DefenseWall\WinApi_DefenseWall\CObject.h(11,14): error C2653: 'Component': 클래스 또는 네임스페이스 이름이 아닙니다.
C:\Users\chanjun\Documents\INHA_WINAPI_DefenseWall\WinApi_DefenseWall\CObject.h(11,66): error C2238: ';' 앞에 예기치 않은 토큰이 있습니다.
C:\Users\chanjun\Documents\INHA_WINAPI_DefenseWall\WinApi_DefenseWall\CObject.h(26,21): error C2653: 'Component': 클래스 또는 네임스페이스 이름이 아닙니다.
C:\Users\chanjun\Documents\INHA_WINAPI_DefenseWall\WinApi_DefenseWall\CObject.h(26,32): error C2061: 구문 오류: 식별자 'COMPONENT_TYPE'
C:\Users\chanjun\Documents\INHA_WINAPI_DefenseWall\WinApi_DefenseWall\CObject.h(27,16): error C3646: 'Get_ComponentMap': 알 수 없는 재정의 지정자입니다.
C:\Users\chanjun\Documents\INHA_WINAPI_DefenseWall\WinApi_DefenseWall\CObject.h(27,32): error C2059: 구문 오류: '('
C:\Users\chanjun\Documents\INHA_WINAPI_DefenseWall\WinApi_DefenseWall\CObject.h(27,41): error C2334: '{' 앞에 예기치 않은 토큰이 있습니다. 명백한 함수 본문을 건너뜁니다.
C:\Users\chanjun\Documents\INHA_WINAPI_DefenseWall\WinApi_DefenseWall\CObject.h(31,16): error C3646: 'm_CpnMap': 알 수 없는 재정의 지정자입니다.
C:\Users\chanjun\Documents\INHA_WINAPI_DefenseWall\WinApi_DefenseWall\CObject.h(31,24): error C4430: 형식 지정자가 없습니다. int로 가정합니다. 참고: C++에서는 기본 int를 지원하지 않습니다.
C:\Users\chanjun\Documents\INHA_WINAPI_DefenseWall\WinApi_DefenseWall\CObject.h(28,41): error C2065: 'm_CpnMap': 선언되지 않은 식별자입니다.
C:\Users\chanjun\Documents\INHA_WINAPI_DefenseWall\WinApi_DefenseWall\CircleCollider2D.h(5,1): error C2504: 'Collider2D': 기본 클래스를 정의하지 않았습니다.
C:\Users\chanjun\Documents\INHA_WINAPI_DefenseWall\WinApi_DefenseWall\Transform.h(6,1): error C2504: 'Component': 기본 클래스를 정의하지 않았습니다.
  CircleCollider2D.cpp
C:\Users\chanjun\Documents\INHA_WINAPI_DefenseWall\WinApi_DefenseWall\CObjectManager.h(33,11): error C3646: 'Get_ObjectMap': 알 수 없는 재정의 지정자입니다.
C:\Users\chanjun\Documents\INHA_WINAPI_DefenseWall\WinApi_DefenseWall\CObjectManager.h(33,24): error C2059: 구문 오류: '('
C:\Users\chanjun\Documents\INHA_WINAPI_DefenseWall\WinApi_DefenseWall\CObjectManager.h(33,33): error C2334: '{' 앞에 예기치 않은 토큰이 있습니다. 명백한 함수 본문을 건너뜁니다.
C:\Users\chanjun\Documents\INHA_WINAPI_DefenseWall\WinApi_DefenseWall\CObjectManager.h(37,11): error C3646: 'm_ObjMap': 알 수 없는 재정의 지정자입니다.
C:\Users\chanjun\Documents\INHA_WINAPI_DefenseWall\WinApi_DefenseWall\CObjectManager.h(37,19): error C4430: 형식 지정자가 없습니다. int로 가정합니다. 참고: C++에서는 기본 int를 지원하지 않습니다.
C:\Users\chanjun\Documents\INHA_WINAPI_DefenseWall\WinApi_DefenseWall\CObject.h(11,13): error C2143: 구문 오류: ';'이(가) '<' 앞에 없습니다.
C:\Users\chanjun\Documents\INHA_WINAPI_DefenseWall\WinApi_DefenseWall\CObject.h(11,13): error C4430: 형식 지정자가 없습니다. int로 가정합니다. 참고: C++에서는 기본 int를 지원하지 않습니다.
C:\Users\chanjun\Documents\INHA_WINAPI_DefenseWall\WinApi_DefenseWall\CObject.h(11,14): error C2653: 'Component': 클래스 또는 네임스페이스 이름이 아닙니다.
C:\Users\chanjun\Documents\INHA_WINAPI_DefenseWall\WinApi_DefenseWall\CObject.h(11,66): error C2238: ';' 앞에 예기치 않은 토큰이 있습니다.
C:\Users\chanjun\Documents\INHA_WINAPI_DefenseWall\WinApi_DefenseWall\CObject.h(26,21): error C2653: 'Component': 클래스 또는 네임스페이스 이름이 아닙니다.
C:\Users\chanjun\Documents\INHA_WINAPI_DefenseWall\WinApi_DefenseWall\CObject.h(26,32): error C2061: 구문 오류: 식별자 'COMPONENT_TYPE'
C:\Users\chanjun\Documents\INHA_WINAPI_DefenseWall\WinApi_DefenseWall\CObject.h(27,16): error C3646: 'Get_ComponentMap': 알 수 없는 재정의 지정자입니다.
C:\Users\chanjun\Documents\INHA_WINAPI_DefenseWall\WinApi_DefenseWall\CObject.h(27,32): error C2059: 구문 오류: '('
C:\Users\chanjun\Documents\INHA_WINAPI_DefenseWall\WinApi_DefenseWall\CObject.h(27,41): error C2334: '{' 앞에 예기치 않은 토큰이 있습니다. 명백한 함수 본문을 건너뜁니다.
C:\Users\chanjun\Documents\INHA_WINAPI_DefenseWall\WinApi_DefenseWall\CObject.h(31,16): error C3646: 'm_CpnMap': 알 수 없는 재정의 지정자입니다.
C:\Users\chanjun\Documents\INHA_WINAPI_DefenseWall\WinApi_DefenseWall\CObject.h(31,24): error C4430: 형식 지정자가 없습니다. int로 가정합니다. 참고: C++에서는 기본 int를 지원하지 않습니다.
C:\Users\chanjun\Documents\INHA_WINAPI_DefenseWall\WinApi_DefenseWall\CObject.h(28,41): error C2065: 'm_CpnMap': 선언되지 않은 식별자입니다.
C:\Users\chanjun\Documents\INHA_WINAPI_DefenseWall\WinApi_DefenseWall\BoxCollider2D.h(5,1): error C2504: 'Collider2D': 기본 클래스를 정의하지 않았습니다.
C:\Users\chanjun\Documents\INHA_WINAPI_DefenseWall\WinApi_DefenseWall\Transform.h(6,1): error C2504: 'Component': 기본 클래스를 정의하지 않았습니다.
  CObject.cpp
C:\Users\chanjun\Documents\INHA_WINAPI_DefenseWall\WinApi_DefenseWall\CObjectManager.h(33,11): error C3646: 'Get_ObjectMap': 알 수 없는 재정의 지정자입니다.
C:\Users\chanjun\Documents\INHA_WINAPI_DefenseWall\WinApi_DefenseWall\CObjectManager.h(33,24): error C2059: 구문 오류: '('
C:\Users\chanjun\Documents\INHA_WINAPI_DefenseWall\WinApi_DefenseWall\CObjectManager.h(33,33): error C2334: '{' 앞에 예기치 않은 토큰이 있습니다. 명백한 함수 본문을 건너뜁니다.
C:\Users\chanjun\Documents\INHA_WINAPI_DefenseWall\WinApi_DefenseWall\CObjectManager.h(37,11): error C3646: 'm_ObjMap': 알 수 없는 재정의 지정자입니다.
C:\Users\chanjun\Documents\INHA_WINAPI_DefenseWall\WinApi_DefenseWall\CObjectManager.h(37,19): error C4430: 형식 지정자가 없습니다. int로 가정합니다. 참고: C++에서는 기본 int를 지원하지 않습니다.
C:\Users\chanjun\Documents\INHA_WINAPI_DefenseWall\WinApi_DefenseWall\Transform.h(6,1): error C2504: 'Component': 기본 클래스를 정의하지 않았습니다.
C:\Users\chanjun\Documents\INHA_WINAPI_DefenseWall\WinApi_DefenseWall\CObject.h(11,13): error C2143: 구문 오류: ';'이(가) '<' 앞에 없습니다.
C:\Users\chanjun\Documents\INHA_WINAPI_DefenseWall\WinApi_DefenseWall\CObject.h(11,13): error C4430: 형식 지정자가 없습니다. int로 가정합니다. 참고: C++에서는 기본 int를 지원하지 않습니다.
C:\Users\chanjun\Documents\INHA_WINAPI_DefenseWall\WinApi_DefenseWall\CObject.h(11,66): error C2238: ';' 앞에 예기치 않은 토큰이 있습니다.
C:\Users\chanjun\Documents\INHA_WINAPI_DefenseWall\WinApi_DefenseWall\CObject.h(27,16): error C3646: 'Get_ComponentMap': 알 수 없는 재정의 지정자입니다.
C:\Users\chanjun\Documents\INHA_WINAPI_DefenseWall\WinApi_DefenseWall\CObject.h(27,32): error C2059: 구문 오류: '('
C:\Users\chanjun\Documents\INHA_WINAPI_DefenseWall\WinApi_DefenseWall\CObject.h(27,41): error C2334: '{' 앞에 예기치 않은 토큰이 있습니다. 명백한 함수 본문을 건너뜁니다.
C:\Users\chanjun\Documents\INHA_WINAPI_DefenseWall\WinApi_DefenseWall\CObject.h(31,16): error C3646: 'm_CpnMap': 알 수 없는 재정의 지정자입니다.
C:\Users\chanjun\Documents\INHA_WINAPI_DefenseWall\WinApi_DefenseWall\CObject.h(31,24): error C4430: 형식 지정자가 없습니다. int로 가정합니다. 참고: C++에서는 기본 int를 지원하지 않습니다.
C:\Users\chanjun\Documents\INHA_WINAPI_DefenseWall\WinApi_DefenseWall\CObject.h(28,41): error C2065: 'm_CpnMap': 선언되지 않은 식별자입니다.
C:\Users\chanjun\Documents\INHA_WINAPI_DefenseWall\WinApi_DefenseWall\CObject.cpp(19,67): error C2664: 'void CObject::Add_Component(Component::COMPONENT_TYPE,Component *)': 인수 2을(를) 'Transform *'에서 'Component *'(으)로 변환할 수 없습니다.
C:\Users\chanjun\Documents\INHA_WINAPI_DefenseWall\WinApi_DefenseWall\CObject.cpp(19,54): message : 가리킨 형식이 관련이 없습니다. 변환하려면 reinterpret_cast, C 스타일 캐스트 또는 함수 스타일 캐스트가 필요합니다.
C:\Users\chanjun\Documents\INHA_WINAPI_DefenseWall\WinApi_DefenseWall\CObject.h(26,7): message : 'CObject::Add_Component' 선언을 참조하십시오.
C:\Users\chanjun\Documents\INHA_WINAPI_DefenseWall\WinApi_DefenseWall\CObject.cpp(29,2): error C2653: 'COMPONENT_MAP': 클래스 또는 네임스페이스 이름이 아닙니다.
C:\Users\chanjun\Documents\INHA_WINAPI_DefenseWall\WinApi_DefenseWall\CObject.cpp(29,33): error C2065: 'm_CpnMap': 선언되지 않은 식별자입니다.
C:\Users\chanjun\Documents\INHA_WINAPI_DefenseWall\WinApi_DefenseWall\CObject.cpp(29,31): error C2512: 'std::iterator': 사용할 수 있는 적절한 기본 생성자가 없습니다.
C:\Program Files (x86)\Microsoft Visual Studio\2019\Community\VC\Tools\MSVC\14.29.30133\include\xutility(5911,1): message : 'std::iterator' 선언을 참조하십시오.
C:\Users\chanjun\Documents\INHA_WINAPI_DefenseWall\WinApi_DefenseWall\CObject.cpp(31,14): error C2065: 'm_CpnMap': 선언되지 않은 식별자입니다.
C:\Users\chanjun\Documents\INHA_WINAPI_DefenseWall\WinApi_DefenseWall\CObject.cpp(33,3): error C2065: 'm_CpnMap': 선언되지 않은 식별자입니다.
  CObjectManager.cpp
C:\Users\chanjun\Documents\INHA_WINAPI_DefenseWall\WinApi_DefenseWall\CObjectManager.h(33,11): error C3646: 'Get_ObjectMap': 알 수 없는 재정의 지정자입니다.
C:\Users\chanjun\Documents\INHA_WINAPI_DefenseWall\WinApi_DefenseWall\CObjectManager.h(33,24): error C2059: 구문 오류: '('
C:\Users\chanjun\Documents\INHA_WINAPI_DefenseWall\WinApi_DefenseWall\CObjectManager.h(33,33): error C2334: '{' 앞에 예기치 않은 토큰이 있습니다. 명백한 함수 본문을 건너뜁니다.
C:\Users\chanjun\Documents\INHA_WINAPI_DefenseWall\WinApi_DefenseWall\CObjectManager.h(37,11): error C3646: 'm_ObjMap': 알 수 없는 재정의 지정자입니다.
C:\Users\chanjun\Documents\INHA_WINAPI_DefenseWall\WinApi_DefenseWall\CObjectManager.h(37,19): error C4430: 형식 지정자가 없습니다. int로 가정합니다. 참고: C++에서는 기본 int를 지원하지 않습니다.
C:\Users\chanjun\Documents\INHA_WINAPI_DefenseWall\WinApi_DefenseWall\Transform.h(6,1): error C2504: 'Component': 기본 클래스를 정의하지 않았습니다.
C:\Users\chanjun\Documents\INHA_WINAPI_DefenseWall\WinApi_DefenseWall\CObject.h(11,13): error C2143: 구문 오류: ';'이(가) '<' 앞에 없습니다.
C:\Users\chanjun\Documents\INHA_WINAPI_DefenseWall\WinApi_DefenseWall\CObject.h(11,13): error C4430: 형식 지정자가 없습니다. int로 가정합니다. 참고: C++에서는 기본 int를 지원하지 않습니다.
C:\Users\chanjun\Documents\INHA_WINAPI_DefenseWall\WinApi_DefenseWall\CObject.h(11,66): error C2238: ';' 앞에 예기치 않은 토큰이 있습니다.
C:\Users\chanjun\Documents\INHA_WINAPI_DefenseWall\WinApi_DefenseWall\CObject.h(27,16): error C3646: 'Get_ComponentMap': 알 수 없는 재정의 지정자입니다.
C:\Users\chanjun\Documents\INHA_WINAPI_DefenseWall\WinApi_DefenseWall\CObject.h(27,32): error C2059: 구문 오류: '('
C:\Users\chanjun\Documents\INHA_WINAPI_DefenseWall\WinApi_DefenseWall\CObject.h(27,41): error C2334: '{' 앞에 예기치 않은 토큰이 있습니다. 명백한 함수 본문을 건너뜁니다.
C:\Users\chanjun\Documents\INHA_WINAPI_DefenseWall\WinApi_DefenseWall\CObject.h(31,16): error C3646: 'm_CpnMap': 알 수 없는 재정의 지정자입니다.
C:\Users\chanjun\Documents\INHA_WINAPI_DefenseWall\WinApi_DefenseWall\CObject.h(31,24): error C4430: 형식 지정자가 없습니다. int로 가정합니다. 참고: C++에서는 기본 int를 지원하지 않습니다.
C:\Users\chanjun\Documents\INHA_WINAPI_DefenseWall\WinApi_DefenseWall\CObject.h(28,41): error C2065: 'm_CpnMap': 선언되지 않은 식별자입니다.
C:\Users\chanjun\Documents\INHA_WINAPI_DefenseWall\WinApi_DefenseWall\CObjectManager.cpp(42,36): error C2065: 'm_ObjMap': 선언되지 않은 식별자입니다.
C:\Users\chanjun\Documents\INHA_WINAPI_DefenseWall\WinApi_DefenseWall\CObjectManager.cpp(42,65): error C2065: 'm_ObjMap': 선언되지 않은 식별자입니다.
C:\Users\chanjun\Documents\INHA_WINAPI_DefenseWall\WinApi_DefenseWall\CObjectManager.cpp(53,36): error C2065: 'm_ObjMap': 선언되지 않은 식별자입니다.
C:\Users\chanjun\Documents\INHA_WINAPI_DefenseWall\WinApi_DefenseWall\CObjectManager.cpp(53,65): error C2065: 'm_ObjMap': 선언되지 않은 식별자입니다.
C:\Users\chanjun\Documents\INHA_WINAPI_DefenseWall\WinApi_DefenseWall\CObjectManager.cpp(64,36): error C2065: 'm_ObjMap': 선언되지 않은 식별자입니다.
C:\Users\chanjun\Documents\INHA_WINAPI_DefenseWall\WinApi_DefenseWall\CObjectManager.cpp(64,65): error C2065: 'm_ObjMap': 선언되지 않은 식별자입니다.
C:\Users\chanjun\Documents\INHA_WINAPI_DefenseWall\WinApi_DefenseWall\CObjectManager.cpp(78,28): error C2065: 'm_ObjMap': 선언되지 않은 식별자입니다.
C:\Users\chanjun\Documents\INHA_WINAPI_DefenseWall\WinApi_DefenseWall\CObjectManager.cpp(80,14): error C2065: 'm_ObjMap': 선언되지 않은 식별자입니다.
C:\Users\chanjun\Documents\INHA_WINAPI_DefenseWall\WinApi_DefenseWall\CObjectManager.cpp(84,3): error C2065: 'm_ObjMap': 선언되지 않은 식별자입니다.
  Collider2D.cpp
C:\Users\chanjun\Documents\INHA_WINAPI_DefenseWall\WinApi_DefenseWall\CObjectManager.h(33,11): error C3646: 'Get_ObjectMap': 알 수 없는 재정의 지정자입니다.
C:\Users\chanjun\Documents\INHA_WINAPI_DefenseWall\WinApi_DefenseWall\CObjectManager.h(33,24): error C2059: 구문 오류: '('
C:\Users\chanjun\Documents\INHA_WINAPI_DefenseWall\WinApi_DefenseWall\CObjectManager.h(33,33): error C2334: '{' 앞에 예기치 않은 토큰이 있습니다. 명백한 함수 본문을 건너뜁니다.
C:\Users\chanjun\Documents\INHA_WINAPI_DefenseWall\WinApi_DefenseWall\CObjectManager.h(37,11): error C3646: 'm_ObjMap': 알 수 없는 재정의 지정자입니다.
C:\Users\chanjun\Documents\INHA_WINAPI_DefenseWall\WinApi_DefenseWall\CObjectManager.h(37,19): error C4430: 형식 지정자가 없습니다. int로 가정합니다. 참고: C++에서는 기본 int를 지원하지 않습니다.
C:\Users\chanjun\Documents\INHA_WINAPI_DefenseWall\WinApi_DefenseWall\CObject.h(11,13): error C2143: 구문 오류: ';'이(가) '<' 앞에 없습니다.
C:\Users\chanjun\Documents\INHA_WINAPI_DefenseWall\WinApi_DefenseWall\CObject.h(11,13): error C4430: 형식 지정자가 없습니다. int로 가정합니다. 참고: C++에서는 기본 int를 지원하지 않습니다.
C:\Users\chanjun\Documents\INHA_WINAPI_DefenseWall\WinApi_DefenseWall\CObject.h(11,14): error C2653: 'Component': 클래스 또는 네임스페이스 이름이 아닙니다.
C:\Users\chanjun\Documents\INHA_WINAPI_DefenseWall\WinApi_DefenseWall\CObject.h(11,66): error C2238: ';' 앞에 예기치 않은 토큰이 있습니다.
C:\Users\chanjun\Documents\INHA_WINAPI_DefenseWall\WinApi_DefenseWall\CObject.h(26,21): error C2653: 'Component': 클래스 또는 네임스페이스 이름이 아닙니다.
C:\Users\chanjun\Documents\INHA_WINAPI_DefenseWall\WinApi_DefenseWall\CObject.h(26,32): error C2061: 구문 오류: 식별자 'COMPONENT_TYPE'
C:\Users\chanjun\Documents\INHA_WINAPI_DefenseWall\WinApi_DefenseWall\CObject.h(27,16): error C3646: 'Get_ComponentMap': 알 수 없는 재정의 지정자입니다.
C:\Users\chanjun\Documents\INHA_WINAPI_DefenseWall\WinApi_DefenseWall\CObject.h(27,32): error C2059: 구문 오류: '('
C:\Users\chanjun\Documents\INHA_WINAPI_DefenseWall\WinApi_DefenseWall\CObject.h(27,41): error C2334: '{' 앞에 예기치 않은 토큰이 있습니다. 명백한 함수 본문을 건너뜁니다.
C:\Users\chanjun\Documents\INHA_WINAPI_DefenseWall\WinApi_DefenseWall\CObject.h(31,16): error C3646: 'm_CpnMap': 알 수 없는 재정의 지정자입니다.
C:\Users\chanjun\Documents\INHA_WINAPI_DefenseWall\WinApi_DefenseWall\CObject.h(31,24): error C4430: 형식 지정자가 없습니다. int로 가정합니다. 참고: C++에서는 기본 int를 지원하지 않습니다.
C:\Users\chanjun\Documents\INHA_WINAPI_DefenseWall\WinApi_DefenseWall\CObject.h(28,41): error C2065: 'm_CpnMap': 선언되지 않은 식별자입니다.
C:\Users\chanjun\Documents\INHA_WINAPI_DefenseWall\WinApi_DefenseWall\BoxCollider2D.h(5,1): error C2504: 'Collider2D': 기본 클래스를 정의하지 않았습니다.
C:\Users\chanjun\Documents\INHA_WINAPI_DefenseWall\WinApi_DefenseWall\CircleCollider2D.h(5,1): error C2504: 'Collider2D': 기본 클래스를 정의하지 않았습니다.
C:\Users\chanjun\Documents\INHA_WINAPI_DefenseWall\WinApi_DefenseWall\Transform.h(6,1): error C2504: 'Component': 기본 클래스를 정의하지 않았습니다.
  CollisionManager.cpp
C:\Users\chanjun\Documents\INHA_WINAPI_DefenseWall\WinApi_DefenseWall\CObjectManager.h(33,11): error C3646: 'Get_ObjectMap': 알 수 없는 재정의 지정자입니다.
C:\Users\chanjun\Documents\INHA_WINAPI_DefenseWall\WinApi_DefenseWall\CObjectManager.h(33,24): error C2059: 구문 오류: '('
C:\Users\chanjun\Documents\INHA_WINAPI_DefenseWall\WinApi_DefenseWall\CObjectManager.h(33,33): error C2334: '{' 앞에 예기치 않은 토큰이 있습니다. 명백한 함수 본문을 건너뜁니다.
C:\Users\chanjun\Documents\INHA_WINAPI_DefenseWall\WinApi_DefenseWall\CObjectManager.h(37,11): error C3646: 'm_ObjMap': 알 수 없는 재정의 지정자입니다.
C:\Users\chanjun\Documents\INHA_WINAPI_DefenseWall\WinApi_DefenseWall\CObjectManager.h(37,19): error C4430: 형식 지정자가 없습니다. int로 가정합니다. 참고: C++에서는 기본 int를 지원하지 않습니다.
C:\Users\chanjun\Documents\INHA_WINAPI_DefenseWall\WinApi_DefenseWall\Transform.h(6,1): error C2504: 'Component': 기본 클래스를 정의하지 않았습니다.
C:\Users\chanjun\Documents\INHA_WINAPI_DefenseWall\WinApi_DefenseWall\CObject.h(11,13): error C2143: 구문 오류: ';'이(가) '<' 앞에 없습니다.
C:\Users\chanjun\Documents\INHA_WINAPI_DefenseWall\WinApi_DefenseWall\CObject.h(11,13): error C4430: 형식 지정자가 없습니다. int로 가정합니다. 참고: C++에서는 기본 int를 지원하지 않습니다.
C:\Users\chanjun\Documents\INHA_WINAPI_DefenseWall\WinApi_DefenseWall\CObject.h(11,66): error C2238: ';' 앞에 예기치 않은 토큰이 있습니다.
C:\Users\chanjun\Documents\INHA_WINAPI_DefenseWall\WinApi_DefenseWall\CObject.h(27,16): error C3646: 'Get_ComponentMap': 알 수 없는 재정의 지정자입니다.
C:\Users\chanjun\Documents\INHA_WINAPI_DefenseWall\WinApi_DefenseWall\CObject.h(27,32): error C2059: 구문 오류: '('
C:\Users\chanjun\Documents\INHA_WINAPI_DefenseWall\WinApi_DefenseWall\CObject.h(27,41): error C2334: '{' 앞에 예기치 않은 토큰이 있습니다. 명백한 함수 본문을 건너뜁니다.
C:\Users\chanjun\Documents\INHA_WINAPI_DefenseWall\WinApi_DefenseWall\CObject.h(31,16): error C3646: 'm_CpnMap': 알 수 없는 재정의 지정자입니다.
C:\Users\chanjun\Documents\INHA_WINAPI_DefenseWall\WinApi_DefenseWall\CObject.h(31,24): error C4430: 형식 지정자가 없습니다. int로 가정합니다. 참고: C++에서는 기본 int를 지원하지 않습니다.
C:\Users\chanjun\Documents\INHA_WINAPI_DefenseWall\WinApi_DefenseWall\CObject.h(28,41): error C2065: 'm_CpnMap': 선언되지 않은 식별자입니다.
C:\Users\chanjun\Documents\INHA_WINAPI_DefenseWall\WinApi_DefenseWall\CollisionManager.cpp(55,56): error C2039: 'Get_ObjectMap': 'CObjectManager'의 멤버가 아닙니다.
C:\Users\chanjun\Documents\INHA_WINAPI_DefenseWall\WinApi_DefenseWall\CObjectManager.h(6): message : 'CObjectManager' 선언을 참조하십시오.
  Cplayer.cpp
C:\Users\chanjun\Documents\INHA_WINAPI_DefenseWall\WinApi_DefenseWall\CObjectManager.h(33,11): error C3646: 'Get_ObjectMap': 알 수 없는 재정의 지정자입니다.
C:\Users\chanjun\Documents\INHA_WINAPI_DefenseWall\WinApi_DefenseWall\CObjectManager.h(33,24): error C2059: 구문 오류: '('
C:\Users\chanjun\Documents\INHA_WINAPI_DefenseWall\WinApi_DefenseWall\CObjectManager.h(33,33): error C2334: '{' 앞에 예기치 않은 토큰이 있습니다. 명백한 함수 본문을 건너뜁니다.
C:\Users\chanjun\Documents\INHA_WINAPI_DefenseWall\WinApi_DefenseWall\CObjectManager.h(37,11): error C3646: 'm_ObjMap': 알 수 없는 재정의 지정자입니다.
C:\Users\chanjun\Documents\INHA_WINAPI_DefenseWall\WinApi_DefenseWall\CObjectManager.h(37,19): error C4430: 형식 지정자가 없습니다. int로 가정합니다. 참고: C++에서는 기본 int를 지원하지 않습니다.
C:\Users\chanjun\Documents\INHA_WINAPI_DefenseWall\WinApi_DefenseWall\Transform.h(6,1): error C2504: 'Component': 기본 클래스를 정의하지 않았습니다.
C:\Users\chanjun\Documents\INHA_WINAPI_DefenseWall\WinApi_DefenseWall\CObject.h(11,13): error C2143: 구문 오류: ';'이(가) '<' 앞에 없습니다.
C:\Users\chanjun\Documents\INHA_WINAPI_DefenseWall\WinApi_DefenseWall\CObject.h(11,13): error C4430: 형식 지정자가 없습니다. int로 가정합니다. 참고: C++에서는 기본 int를 지원하지 않습니다.
C:\Users\chanjun\Documents\INHA_WINAPI_DefenseWall\WinApi_DefenseWall\CObject.h(11,66): error C2238: ';' 앞에 예기치 않은 토큰이 있습니다.
C:\Users\chanjun\Documents\INHA_WINAPI_DefenseWall\WinApi_DefenseWall\CObject.h(27,16): error C3646: 'Get_ComponentMap': 알 수 없는 재정의 지정자입니다.
C:\Users\chanjun\Documents\INHA_WINAPI_DefenseWall\WinApi_DefenseWall\CObject.h(27,32): error C2059: 구문 오류: '('
C:\Users\chanjun\Documents\INHA_WINAPI_DefenseWall\WinApi_DefenseWall\CObject.h(27,41): error C2334: '{' 앞에 예기치 않은 토큰이 있습니다. 명백한 함수 본문을 건너뜁니다.
C:\Users\chanjun\Documents\INHA_WINAPI_DefenseWall\WinApi_DefenseWall\CObject.h(31,16): error C3646: 'm_CpnMap': 알 수 없는 재정의 지정자입니다.
C:\Users\chanjun\Documents\INHA_WINAPI_DefenseWall\WinApi_DefenseWall\CObject.h(31,24): error C4430: 형식 지정자가 없습니다. int로 가정합니다. 참고: C++에서는 기본 int를 지원하지 않습니다.
C:\Users\chanjun\Documents\INHA_WINAPI_DefenseWall\WinApi_DefenseWall\CObject.h(28,41): error C2065: 'm_CpnMap': 선언되지 않은 식별자입니다.
C:\Users\chanjun\Documents\INHA_WINAPI_DefenseWall\WinApi_DefenseWall\Cplayer.cpp(40,37): warning C4244: '인수': 'float'에서 'int'(으)로 변환하면서 데이터가 손실될 수 있습니다.
C:\Users\chanjun\Documents\INHA_WINAPI_DefenseWall\WinApi_DefenseWall\Cplayer.cpp(40,13): warning C4244: '인수': 'float'에서 'int'(으)로 변환하면서 데이터가 손실될 수 있습니다.
C:\Users\chanjun\Documents\INHA_WINAPI_DefenseWall\WinApi_DefenseWall\Cplayer.cpp(39,49): warning C4244: '인수': 'float'에서 'int'(으)로 변환하면서 데이터가 손실될 수 있습니다.
C:\Users\chanjun\Documents\INHA_WINAPI_DefenseWall\WinApi_DefenseWall\Cplayer.cpp(39,25): warning C4244: '인수': 'float'에서 'int'(으)로 변환하면서 데이터가 손실될 수 있습니다.
  Transform.cpp
C:\Users\chanjun\Documents\INHA_WINAPI_DefenseWall\WinApi_DefenseWall\CObjectManager.h(33,11): error C3646: 'Get_ObjectMap': 알 수 없는 재정의 지정자입니다.
C:\Users\chanjun\Documents\INHA_WINAPI_DefenseWall\WinApi_DefenseWall\CObjectManager.h(33,24): error C2059: 구문 오류: '('
C:\Users\chanjun\Documents\INHA_WINAPI_DefenseWall\WinApi_DefenseWall\CObjectManager.h(33,33): error C2334: '{' 앞에 예기치 않은 토큰이 있습니다. 명백한 함수 본문을 건너뜁니다.
C:\Users\chanjun\Documents\INHA_WINAPI_DefenseWall\WinApi_DefenseWall\CObjectManager.h(37,11): error C3646: 'm_ObjMap': 알 수 없는 재정의 지정자입니다.
C:\Users\chanjun\Documents\INHA_WINAPI_DefenseWall\WinApi_DefenseWall\CObjectManager.h(37,19): error C4430: 형식 지정자가 없습니다. int로 가정합니다. 참고: C++에서는 기본 int를 지원하지 않습니다.
C:\Users\chanjun\Documents\INHA_WINAPI_DefenseWall\WinApi_DefenseWall\Transform.h(6,1): error C2504: 'Component': 기본 클래스를 정의하지 않았습니다.
C:\Users\chanjun\Documents\INHA_WINAPI_DefenseWall\WinApi_DefenseWall\CObject.h(11,13): error C2143: 구문 오류: ';'이(가) '<' 앞에 없습니다.
C:\Users\chanjun\Documents\INHA_WINAPI_DefenseWall\WinApi_DefenseWall\CObject.h(11,13): error C4430: 형식 지정자가 없습니다. int로 가정합니다. 참고: C++에서는 기본 int를 지원하지 않습니다.
C:\Users\chanjun\Documents\INHA_WINAPI_DefenseWall\WinApi_DefenseWall\CObject.h(11,66): error C2238: ';' 앞에 예기치 않은 토큰이 있습니다.
C:\Users\chanjun\Documents\INHA_WINAPI_DefenseWall\WinApi_DefenseWall\CObject.h(27,16): error C3646: 'Get_ComponentMap': 알 수 없는 재정의 지정자입니다.
C:\Users\chanjun\Documents\INHA_WINAPI_DefenseWall\WinApi_DefenseWall\CObject.h(27,32): error C2059: 구문 오류: '('
C:\Users\chanjun\Documents\INHA_WINAPI_DefenseWall\WinApi_DefenseWall\CObject.h(27,41): error C2334: '{' 앞에 예기치 않은 토큰이 있습니다. 명백한 함수 본문을 건너뜁니다.
C:\Users\chanjun\Documents\INHA_WINAPI_DefenseWall\WinApi_DefenseWall\CObject.h(31,16): error C3646: 'm_CpnMap': 알 수 없는 재정의 지정자입니다.
C:\Users\chanjun\Documents\INHA_WINAPI_DefenseWall\WinApi_DefenseWall\CObject.h(31,24): error C4430: 형식 지정자가 없습니다. int로 가정합니다. 참고: C++에서는 기본 int를 지원하지 않습니다.
C:\Users\chanjun\Documents\INHA_WINAPI_DefenseWall\WinApi_DefenseWall\CObject.h(28,41): error C2065: 'm_CpnMap': 선언되지 않은 식별자입니다.
  WinApi_DefenseWall.cpp
C:\Users\chanjun\Documents\INHA_WINAPI_DefenseWall\WinApi_DefenseWall\CObjectManager.h(33,11): error C3646: 'Get_ObjectMap': 알 수 없는 재정의 지정자입니다.
C:\Users\chanjun\Documents\INHA_WINAPI_DefenseWall\WinApi_DefenseWall\CObjectManager.h(33,24): error C2059: 구문 오류: '('
C:\Users\chanjun\Documents\INHA_WINAPI_DefenseWall\WinApi_DefenseWall\CObjectManager.h(33,33): error C2334: '{' 앞에 예기치 않은 토큰이 있습니다. 명백한 함수 본문을 건너뜁니다.
C:\Users\chanjun\Documents\INHA_WINAPI_DefenseWall\WinApi_DefenseWall\CObjectManager.h(37,11): error C3646: 'm_ObjMap': 알 수 없는 재정의 지정자입니다.
C:\Users\chanjun\Documents\INHA_WINAPI_DefenseWall\WinApi_DefenseWall\CObjectManager.h(37,19): error C4430: 형식 지정자가 없습니다. int로 가정합니다. 참고: C++에서는 기본 int를 지원하지 않습니다.
C:\Users\chanjun\Documents\INHA_WINAPI_DefenseWall\WinApi_DefenseWall\Transform.h(6,1): error C2504: 'Component': 기본 클래스를 정의하지 않았습니다.
C:\Users\chanjun\Documents\INHA_WINAPI_DefenseWall\WinApi_DefenseWall\CObject.h(11,13): error C2143: 구문 오류: ';'이(가) '<' 앞에 없습니다.
C:\Users\chanjun\Documents\INHA_WINAPI_DefenseWall\WinApi_DefenseWall\CObject.h(11,13): error C4430: 형식 지정자가 없습니다. int로 가정합니다. 참고: C++에서는 기본 int를 지원하지 않습니다.
C:\Users\chanjun\Documents\INHA_WINAPI_DefenseWall\WinApi_DefenseWall\CObject.h(11,66): error C2238: ';' 앞에 예기치 않은 토큰이 있습니다.
C:\Users\chanjun\Documents\INHA_WINAPI_DefenseWall\WinApi_DefenseWall\CObject.h(27,16): error C3646: 'Get_ComponentMap': 알 수 없는 재정의 지정자입니다.
C:\Users\chanjun\Documents\INHA_WINAPI_DefenseWall\WinApi_DefenseWall\CObject.h(27,32): error C2059: 구문 오류: '('
C:\Users\chanjun\Documents\INHA_WINAPI_DefenseWall\WinApi_DefenseWall\CObject.h(27,41): error C2334: '{' 앞에 예기치 않은 토큰이 있습니다. 명백한 함수 본문을 건너뜁니다.
C:\Users\chanjun\Documents\INHA_WINAPI_DefenseWall\WinApi_DefenseWall\CObject.h(31,16): error C3646: 'm_CpnMap': 알 수 없는 재정의 지정자입니다.
C:\Users\chanjun\Documents\INHA_WINAPI_DefenseWall\WinApi_DefenseWall\CObject.h(31,24): error C4430: 형식 지정자가 없습니다. int로 가정합니다. 참고: C++에서는 기본 int를 지원하지 않습니다.
C:\Users\chanjun\Documents\INHA_WINAPI_DefenseWall\WinApi_DefenseWall\CObject.h(28,41): error C2065: 'm_CpnMap': 선언되지 않은 식별자입니다.
  코드를 생성하고 있습니다...
